Build started 10/15/2011 5:11:45 PM.
     1>Project "C:\Users\Cris\documents\visual studio 2010\Projects\Sparse\Sparse\Sparse.vcxproj" on node 2 (build target(s)).
     1>InitializeBuildStatus:
         Creating "Debug\Sparse.unsuccessfulbuild" because "AlwaysCreate" was specified.
       ClCompile:
         D:\Program Files\Microsoft Visual Studio 10.0\VC\bin\CL.exe /c /ZI /nologo /W3 /WX- /Od /Oy- /D WIN32 /D _DEBUG /D _CONSOLE /D _UNICODE /D UNICODE /Gm /EHsc /RTC1 /MDd /GS /fp:precise /Zc:wchar_t /Zc:forScope /Fo"Debug\\" /Fd"Debug\vc100.pdb" /Gd /TP /analyze- /errorReport:prompt main.cpp
         main.cpp
     1>c:\users\cris\documents\visual studio 2010\projects\sparse\sparse\main.cpp(34): warning C4996: 'fopen': This function or variable may be unsafe. Consider using fopen_s instead. To disable deprecation, use _CRT_SECURE_NO_WARNINGS. See online help for details.
                 d:\program files\microsoft visual studio 10.0\vc\include\stdio.h(234) : see declaration of 'fopen'
     1>c:\users\cris\documents\visual studio 2010\projects\sparse\sparse\main.cpp(41): warning C4996: 'strtok': This function or variable may be unsafe. Consider using strtok_s instead. To disable deprecation, use _CRT_SECURE_NO_WARNINGS. See online help for details.
                 d:\program files\microsoft visual studio 10.0\vc\include\string.h(197) : see declaration of 'strtok'
     1>c:\users\cris\documents\visual studio 2010\projects\sparse\sparse\main.cpp(44): warning C4996: 'strtok': This function or variable may be unsafe. Consider using strtok_s instead. To disable deprecation, use _CRT_SECURE_NO_WARNINGS. See online help for details.
                 d:\program files\microsoft visual studio 10.0\vc\include\string.h(197) : see declaration of 'strtok'
     1>c:\users\cris\documents\visual studio 2010\projects\sparse\sparse\main.cpp(79): warning C4996: 'strtok': This function or variable may be unsafe. Consider using strtok_s instead. To disable deprecation, use _CRT_SECURE_NO_WARNINGS. See online help for details.
                 d:\program files\microsoft visual studio 10.0\vc\include\string.h(197) : see declaration of 'strtok'
     1>c:\users\cris\documents\visual studio 2010\projects\sparse\sparse\main.cpp(87): warning C4996: 'strtok': This function or variable may be unsafe. Consider using strtok_s instead. To disable deprecation, use _CRT_SECURE_NO_WARNINGS. See online help for details.
                 d:\program files\microsoft visual studio 10.0\vc\include\string.h(197) : see declaration of 'strtok'
     1>c:\users\cris\documents\visual studio 2010\projects\sparse\sparse\main.cpp(147): warning C4244: '-=' : conversion from 'double' to 'float', possible loss of data
     1>c:\users\cris\documents\visual studio 2010\projects\sparse\sparse\main.cpp(148): warning C4244: '+=' : conversion from 'double' to 'float', possible loss of data
     1>c:\users\cris\documents\visual studio 2010\projects\sparse\sparse\main.cpp(158): warning C4244: '=' : conversion from 'double' to 'float', possible loss of data
     1>c:\users\cris\documents\visual studio 2010\projects\sparse\sparse\main.cpp(214): warning C4244: 'initializing' : conversion from 'double' to 'float', possible loss of data
     1>c:\users\cris\documents\visual studio 2010\projects\sparse\sparse\main.cpp(215): warning C4244: 'initializing' : conversion from 'double' to 'float', possible loss of data
     1>c:\users\cris\documents\visual studio 2010\projects\sparse\sparse\main.cpp(237): warning C4244: '+=' : conversion from 'double' to 'float', possible loss of data
     1>c:\users\cris\documents\visual studio 2010\projects\sparse\sparse\main.cpp(251): warning C4996: 'fcloseall': The POSIX name for this item is deprecated. Instead, use the ISO C++ conformant name: _fcloseall. See online help for details.
                 d:\program files\microsoft visual studio 10.0\vc\include\stdio.h(720) : see declaration of 'fcloseall'
       ManifestResourceCompile:
         All outputs are up-to-date.
       Link:
         D:\Program Files\Microsoft Visual Studio 10.0\VC\bin\link.exe /ERRORREPORT:PROMPT /OUT:"C:\Users\Cris\documents\visual studio 2010\Projects\Sparse\Debug\Sparse.exe" /INCREMENTAL /NOLOGO kernel32.lib user32.lib gdi32.lib winspool.lib comdlg32.lib advapi32.lib shell32.lib ole32.lib oleaut32.lib uuid.lib odbc32.lib odbccp32.lib /MANIFEST /ManifestFile:"Debug\Sparse.exe.intermediate.manifest" /MANIFESTUAC:"level='asInvoker' uiAccess='false'" /DEBUG /PDB:"C:\Users\Cris\documents\visual studio 2010\Projects\Sparse\Debug\Sparse.pdb" /SUBSYSTEM:CONSOLE /TLBID:1 /DYNAMICBASE /NXCOMPAT /IMPLIB:"C:\Users\Cris\documents\visual studio 2010\Projects\Sparse\Debug\Sparse.lib" /MACHINE:X86 Debug\Sparse.exe.embed.manifest.res
         Debug\alglibinternal.obj
         Debug\alglibmisc.obj
         Debug\ap.obj
         Debug\linalg.obj
         Debug\main.obj
       Manifest:
         C:\Program Files\Microsoft SDKs\Windows\v7.0A\bin\mt.exe /nologo /verbose /out:"Debug\Sparse.exe.embed.manifest" /manifest Debug\Sparse.exe.intermediate.manifest
         All outputs are up-to-date.
       LinkEmbedManifest:
         All outputs are up-to-date.
         Sparse.vcxproj -> C:\Users\Cris\documents\visual studio 2010\Projects\Sparse\Debug\Sparse.exe
       FinalizeBuildStatus:
         Deleting file "Debug\Sparse.unsuccessfulbuild".
         Touching "Debug\Sparse.lastbuildstate".
     1>Done Building Project "C:\Users\Cris\documents\visual studio 2010\Projects\Sparse\Sparse\Sparse.vcxproj" (build target(s)).

Build succeeded.

Time Elapsed 00:00:01.85
